C51 COMPILER V9.59.0.0   MIAN                                                              08/08/2020 10:41:27 PAGE 1   


C51 COMPILER V9.59.0.0, COMPILATION OF MODULE MIAN
OBJECT MODULE PLACED IN .\Objects\mian.obj
COMPILER INVOKED BY: C:\Keil_v5\C51\BIN\C51.EXE mian.c OPTIMIZE(8,SPEED) BROWSE DEBUG OBJECTEXTEND PRINT(.\Listings\mian
                    -.lst) TABS(2) OBJECT(.\Objects\mian.obj)

line level    source

   1          #include "config.h"
   2          #include "INTRINS.H"
   3          
   4          
   5          // 声明串口传输设置
   6          
   7          #define FOSC 24000000L    //系统频率
   8          #define BAUD 115200     //波特率
   9          #define NONE_PARITY     0       //无校验
  10          #define ODD_PARITY      1       //奇校验
  11          #define EVEN_PARITY     2       //偶校验
  12          #define MARK_PARITY     3       //标记校验
  13          #define SPACE_PARITY    4       //空白校验
  14          #define PARITYBIT NONE_PARITY   //定义校验位
  15          #define S1_S0 0x40              //P_SW1.6
  16          #define S1_S1 0x80              //P_SW1.7
  17          
  18          
  19          // 变量声明
  20          
  21          bit busy;
  22          unsigned int temp;
  23          float Fl;
  24          
  25          // 提前声明含糊
  26          
  27          void Delay20us();       //20us延时函数，24MHz
  28          void Delay40ms();
  29          void Delay1000ms();     //1s延时函数，24MHz
  30          void Timer0Init(void);
  31          void uart_init();
  32          void SendData(unsigned char dat);
  33          void SendString(char *s);
  34          void serial_one_send_number(long num);
  35          void serial_one_send_float(double float_val, char bit_val);
  36          
  37          void main (void)
  38          {
  39   1          unsigned int count;
  40   1          P5M0 = 0x30;
  41   1          P5M1 = 0x00;
  42   1          P1M0 = 0x60;
  43   1          P1M1 = 0x00;
  44   1          Delay20us();
  45   1          Timer0Init();
  46   1          uart_init();
  47   1        T2L = (65536 - (FOSC/4/BAUD));   //设置波特率重装值
  48   1          T2H = (65536 - (FOSC/4/BAUD))>>8;
  49   1          AUXR = 0x14;                //T2为1T模式, 并启动定时器2
  50   1          AUXR |= 0x01;               //选择定时器2为串口1的波特率发生器
  51   1          ES = 1;                     //使能串口1中断
  52   1          ET0 = 1;
  53   1          EA = 1;
  54   1        Delay1000ms();
C51 COMPILER V9.59.0.0   MIAN                                                              08/08/2020 10:41:27 PAGE 2   

  55   1          SendString("STC15F2K60S2\r\nUart ON !\r\n");
  56   1          BZ_OUT = 0;
  57   1          SR_04_Vcc = 1;
  58   1          SR_04_Gnd = 0;
  59   1          temp = 0;
  60   1          while (1)
  61   1          {
  62   2              Fl = (float)(temp - count);
  63   2              Fl = Fl*3.4/20;
  64   2              count = temp;
  65   2              SR_04_Trig = 0;
  66   2              Delay20us();
  67   2              SR_04_Trig = 1;;
  68   2          if (Fl >= 400)
  69   2          {
  70   3            Fl = 0;
  71   3          }
  72   2          
  73   2              serial_one_send_float(Fl,1);
  74   2              SendString("cm\r\n");
  75   2              if (Fl < 170)
  76   2              {
  77   3                  BZ_OUT = 1;
  78   3              }else
  79   2              {
  80   3                  BZ_OUT = 0;
  81   3              }
  82   2              Delay40ms();
  83   2          }
  84   1      }
  85          
  86          void Delay20us()    //@24.000MHz
  87          {
  88   1        unsigned char i;
  89   1      
  90   1        _nop_();
  91   1        _nop_();
  92   1        i = 117;
  93   1        while (--i);
  94   1      }
  95          
  96          void Delay40ms()    //@24.000MHz
  97          {
  98   1        unsigned char i, j, k;
  99   1      
 100   1        _nop_();
 101   1        _nop_();
 102   1        i = 4;
 103   1        j = 166;
 104   1        k = 210;
 105   1        do
 106   1        {
 107   2          do
 108   2          {
 109   3            while (--k);
 110   3          } while (--j);
 111   2        } while (--i);
 112   1      }
 113          
 114          void Delay1000ms()    //@24.000MHz
 115          {
 116   1        unsigned char i, j, k;
C51 COMPILER V9.59.0.0   MIAN                                                              08/08/2020 10:41:27 PAGE 3   

 117   1      
 118   1        _nop_();
 119   1        _nop_();
 120   1        i = 92;
 121   1        j = 50;
 122   1        k = 238;
 123   1        do
 124   1        {
 125   2          do
 126   2          {
 127   3            while (--k);
 128   3          } while (--j);
 129   2        } while (--i);
 130   1      }
 131          
 132          /* t0初始化程序，24MHz定时1us */
 133          void Timer0Init(void)   //1微秒@24.000MHz
 134          {
 135   1        AUXR |= 0x80;   //定时器时钟1T模式
 136   1        TMOD &= 0xF0;   //设置定时器模式
 137   1        TL0 = 0xE8;   //设置定时初值
 138   1        TH0 = 0xFF;   //设置定时初值
 139   1        TF0 = 0;    //清除TF0标志
 140   1        TR0 = 1;    //定时器0开始计时
 141   1      }
 142          
 143          /*uart初始化函数*/
 144          void uart_init ()
 145          {
 146   1        ACC = P_SW1;
 147   1          ACC &= ~(S1_S0 | S1_S1);    //S1_S0=0 S1_S1=0
 148   1          P_SW1 = ACC;                //(P3.0/RxD, P3.1/TxD)
 149   1        #if (PARITYBIT == NONE_PARITY)
 150   1          SCON = 0x50;                //8位可变波特率
 151   1        #elif (PARITYBIT == ODD_PARITY) || (PARITYBIT == EVEN_PARITY) || (PARITYBIT == MARK_PARITY)
                  SCON = 0xda;                //9位可变波特率,校验位初始为1
                #elif (PARITYBIT == SPACE_PARITY)
                  SCON = 0xd2;                //9位可变波特率,校验位初始为0
                #endif
 156   1      }
 157          
 158          /*串口数据发送*/
 159          void SendData(unsigned char dat)
 160          {
 161   1          while (busy);               //等待前面的数据发送完成
 162   1          ACC = dat;                  //获取校验位P (PSW.0)
 163   1          if (P)                      //根据P来设置校验位
 164   1          {
 165   2          #if (PARITYBIT == ODD_PARITY)
                    TB8 = 0;                //设置校验位为0
                  #elif (PARITYBIT == EVEN_PARITY)
                    TB8 = 1;                //设置校验位为1
                  #endif
 170   2          }
 171   1          else
 172   1          {
 173   2          #if (PARITYBIT == ODD_PARITY)
                        TB8 = 1;                //设置校验位为1
                  #elif (PARITYBIT == EVEN_PARITY)
                        TB8 = 0;                //设置校验位为0
                  #endif
 178   2          }
C51 COMPILER V9.59.0.0   MIAN                                                              08/08/2020 10:41:27 PAGE 4   

 179   1          busy = 1;
 180   1          SBUF = ACC;                 //写数据到UART数据寄存器
 181   1      }
 182          
 183          /*发送字符串*/
 184          void SendString(char *s)
 185          {
 186   1          while (*s)                  //检测字符串结束标志
 187   1          {
 188   2              SendData(*s++);         //发送当前字符
 189   2          }
 190   1      }
 191          
 192          /*uart发送long数值*/
 193          void serial_one_send_number(long num)
 194          {
 195   1        long dat = 0;
 196   1        unsigned char  length = 0;
 197   1        if(num < 0)                   //当数值为负数时
 198   1        {
 199   2          SendData('-');  //输出负号
 200   2          num = -num;                 //将数值取相反数
 201   2        }
 202   1        
 203   1        if(num == 0)                  //当数值为0时
 204   1          SendData('0');  //输出字符0
 205   1        else                      //当数值不为0时
 206   1        {
 207   2          while(num)                  //将数值倒过来
 208   2          {
 209   3            dat = dat * 10;
 210   3            dat = dat + num % 10;
 211   3            num = num / 10;
 212   3            length++;
 213   3          }
 214   2          
 215   2          while(length--)             //从第一位开始输出倒过来的数值
 216   2          {
 217   3            SendData(dat % 10 + '0');
 218   3            dat = dat / 10;
 219   3          }
 220   2        }
 221   1      }
 222          
 223          
 224          void serial_one_send_float(double float_val, char bit_val)
 225          {
 226   1        long xdata value_int = 0;
 227   1        long xdata value_flt = 0;
 228   1        
 229   1        if(float_val < 0)
 230   1        {
 231   2          SendData('-');
 232   2          float_val = -float_val;
 233   2        }
 234   1        
 235   1        value_int = (long)float_val;
 236   1        
 237   1        float_val = float_val - (double)value_int;
 238   1        
 239   1        for(;bit_val;bit_val--)
 240   1          float_val = float_val * 10;
C51 COMPILER V9.59.0.0   MIAN                                                              08/08/2020 10:41:27 PAGE 5   

 241   1        
 242   1        serial_one_send_number(value_int);
 243   1        SendData('.');
 244   1        serial_one_send_number((long)float_val);
 245   1      }
 246          
 247          
 248          /* t0中断服务程序 */
 249          void T0_isr() interrupt 1
 250          {
 251   1          if (SR_04_Echo == 1)
 252   1          {
 253   2              temp++;
 254   2              if(temp == 65535)
 255   2              {
 256   3                  temp = 0;
 257   3              }
 258   2          }
 259   1          
 260   1      }
 261          
 262          /*uart中断服务程序*/
 263          void Uart() interrupt 4
 264          {
 265   1          if (RI)
 266   1          {
 267   2              RI = 0;                 //清除RI位
 268   2              P0 = SBUF;              //P0显示串口数据
 269   2              P54 = RB8;              //P2.2显示校验位
 270   2          }
 271   1          if (TI)
 272   1          {
 273   2              TI = 0;                 //清除TI位
 274   2              busy = 0;               //清忙标志
 275   2          }
 276   1      }


MODULE INFORMATION:   STATIC OVERLAYABLE
   CODE SIZE        =    895    ----
   CONSTANT SIZE    =     31    ----
   XDATA SIZE       =   ----       8
   PDATA SIZE       =   ----    ----
   DATA SIZE        =      6      19
   IDATA SIZE       =   ----    ----
   BIT SIZE         =      1    ----
END OF MODULE INFORMATION.


C51 COMPILATION COMPLETE.  0 WARNING(S),  0 ERROR(S)
